<?xml version="1.0" encoding="UTF-8"?>
<!-- Generated by org.testng.reporters.JUnitReportReporter -->
<testsuite skipped="0" hostname="ip-172-31-32-197" name="com.webapp.test.amazon.AmazonNavLinkTest" tests="2" failures="0" timestamp="2021-07-14T14:52:09 UTC" time="15.491" errors="0">
  <testcase name="testAmazonMobileLinkNavigation" time="7.526" classname="com.webapp.test.amazon.AmazonNavLinkTest"/>
  <system-out/>
  <testcase name="testAmazonFashionLinkNavigation" time="7.965" classname="com.webapp.test.amazon.AmazonNavLinkTest"/>
  <system-out/>
</testsuite> <!-- com.webapp.test.amazon.AmazonNavLinkTest -->
