<?xml version="1.0" encoding="UTF-8"?>
<!-- Generated by org.testng.reporters.JUnitReportReporter -->
<testsuite skipped="0" hostname="ip-172-31-32-197" name="com.webapp.test.TestNgStandardAnnotationsTest" tests="2" failures="0" timestamp="2021-07-14T14:52:09 UTC" time="0.008" errors="0">
  <testcase name="tesTwo" time="0.002" classname="com.webapp.test.TestNgStandardAnnotationsTest"/>
  <system-out/>
  <testcase name="tesOne" time="0.006" classname="com.webapp.test.TestNgStandardAnnotationsTest"/>
  <system-out/>
</testsuite> <!-- com.webapp.test.TestNgStandardAnnotationsTest -->
