<?xml version="1.0" encoding="UTF-8"?>
<!-- Generated by org.testng.reporters.JUnitReportReporter -->
<testsuite skipped="0" hostname="ip-172-31-32-197" name="com.webapp.test.facebook.FaceboookLoginTest" tests="1" failures="0" timestamp="2021-07-14T14:52:09 UTC" time="26.214" errors="0">
  <testcase name="testFacebookLoginFailure" time="26.214" classname="com.webapp.test.facebook.FaceboookLoginTest"/>
  <system-out/>
</testsuite> <!-- com.webapp.test.facebook.FaceboookLoginTest -->
