<?xml version="1.0" encoding="UTF-8"?>
<!-- Generated by org.testng.reporters.JUnitReportReporter -->
<testsuite skipped="0" hostname="ip-172-31-32-197" name="com.webapp.test.BrowserBasedGroupTest" tests="6" failures="0" timestamp="2021-07-14T15:16:38 UTC" time="32.098" errors="0">
  <testcase name="testAmazonHomepageTitle" time="0.027" classname="com.webapp.test.BrowserBasedGroupTest"/>
  <system-out/>
  <testcase name="lauchChromeTest" time="3.259" classname="com.webapp.test.BrowserBasedGroupTest"/>
  <system-out/>
  <testcase name="launchFireFoxTest" time="5.018" classname="com.webapp.test.BrowserBasedGroupTest"/>
  <system-out/>
  <testcase name="testFaceBookHomePage" time="0.026" classname="com.webapp.test.BrowserBasedGroupTest"/>
  <system-out/>
  <testcase name="testFacebookLoginFailure" time="23.590" classname="com.webapp.test.BrowserBasedGroupTest"/>
  <system-out/>
  <testcase name="testAmazonHomeSourceURL" time="0.178" classname="com.webapp.test.BrowserBasedGroupTest"/>
  <system-out/>
</testsuite> <!-- com.webapp.test.BrowserBasedGroupTest -->
