<?xml version="1.0" encoding="UTF-8"?>
<!-- Generated by org.testng.reporters.JUnitReportReporter -->
<testsuite skipped="0" hostname="ip-172-31-32-197" name="com.webapp.test.amazon.AmazonHompageTest" tests="2" failures="0" timestamp="2021-07-14T14:52:09 UTC" time="6.502" errors="0">
  <testcase name="testAmazonHomepageTitle" time="3.508" classname="com.webapp.test.amazon.AmazonHompageTest"/>
  <system-out/>
  <testcase name="testAmazonHomeSourceURL" time="2.994" classname="com.webapp.test.amazon.AmazonHompageTest"/>
  <system-out/>
</testsuite> <!-- com.webapp.test.amazon.AmazonHompageTest -->
